<?xml version="1.0" encoding="UTF-8"?>
<!-- Generated by org.testng.reporters.JUnitReportReporter -->
<testsuite skipped="0" hostname="SumitKS-InteliMac.local" name="HotelBookingTest" tests="1" failures="0" timestamp="14 Nov 2018 16:06:21 GMT" time="6.567" errors="0">
  <testcase name="shouldBeAbleToSearchForHotels" time="6.567" classname="HotelBookingTest"/>
</testsuite> <!-- HotelBookingTest -->
