<?xml version="1.0" encoding="UTF-8"?>
<!-- Generated by org.testng.reporters.JUnitReportReporter -->
<testsuite skipped="0" hostname="SumitKS-InteliMac.local" name="testScripts.HotelBookingTestCase" tests="1" failures="0" timestamp="20 Nov 2018 10:07:24 GMT" time="27.129" errors="0">
  <testcase name="testSearchHotels" time="27.129" classname="testScripts.HotelBookingTestCase"/>
</testsuite> <!-- testScripts.HotelBookingTestCase -->
