<?xml version="1.0" encoding="UTF-8"?>
<!-- Generated by org.testng.reporters.JUnitReportReporter -->
<testsuite skipped="0" hostname="SumitKS-InteliMac.local" name="testScripts.SignInTestCase" tests="1" failures="0" timestamp="20 Nov 2018 10:48:10 GMT" time="2.492" errors="0">
  <testcase name="testSignInError" time="2.492" classname="testScripts.SignInTestCase"/>
</testsuite> <!-- testScripts.SignInTestCase -->
