<?xml version="1.0" encoding="UTF-8"?>
<!-- Generated by org.testng.reporters.JUnitReportReporter -->
<testsuite skipped="0" hostname="SumitKS-InteliMac.local" name="testScripts.SignInTestCase" tests="1" failures="0" timestamp="15 Nov 2018 10:39:20 GMT" time="4.758" errors="0">
  <testcase name="testSignInError" time="4.758" classname="testScripts.SignInTestCase"/>
</testsuite> <!-- testScripts.SignInTestCase -->
