<?xml version="1.0" encoding="UTF-8"?>
<!-- Generated by org.testng.reporters.JUnitReportReporter -->
<testsuite skipped="0" hostname="SumitKS-InteliMac.local" name="HotelBookingTest" tests="1" failures="0" timestamp="15 Nov 2018 16:11:42 GMT" time="10.536" errors="0">
  <testcase name="shouldBeAbleToSearchForHotels" time="10.536" classname="HotelBookingTest"/>
</testsuite> <!-- HotelBookingTest -->
