<?xml version="1.0" encoding="UTF-8"?>
<!-- Generated by org.testng.reporters.JUnitReportReporter -->
<testsuite skipped="0" hostname="SumitKS-InteliMac.local" name="testScripts.SignInTestCase" tests="1" failures="0" timestamp="16 Nov 2018 05:15:54 GMT" time="3.506" errors="0">
  <testcase name="testSignInError" time="3.506" classname="testScripts.SignInTestCase"/>
</testsuite> <!-- testScripts.SignInTestCase -->
