<?xml version="1.0" encoding="UTF-8"?>
<!-- Generated by org.testng.reporters.JUnitReportReporter -->
<testsuite skipped="0" hostname="SumitKS-InteliMac.local" name="testScripts.FlightBookingTestCase" tests="1" failures="0" timestamp="16 Nov 2018 05:14:20 GMT" time="12.719" errors="0">
  <testcase name="testSearchFlight" time="12.719" classname="testScripts.FlightBookingTestCase"/>
</testsuite> <!-- testScripts.FlightBookingTestCase -->
