<?xml version="1.0" encoding="UTF-8"?>
<!-- Generated by org.testng.reporters.JUnitReportReporter -->
<testsuite skipped="0" hostname="SumitKS-InteliMac.local" name="testScripts.FlightBookingTestCase" tests="1" failures="0" timestamp="20 Nov 2018 14:50:29 GMT" time="14.032" errors="0">
  <testcase name="testSearchFlight" time="14.032" classname="testScripts.FlightBookingTestCase"/>
</testsuite> <!-- testScripts.FlightBookingTestCase -->
