<?xml version="1.0" encoding="UTF-8"?>
<!-- Generated by org.testng.reporters.JUnitReportReporter -->
<testsuite skipped="0" hostname="SumitKS-InteliMac.local" name="SignInTest" tests="1" failures="0" timestamp="14 Nov 2018 15:36:25 GMT" time="11.640" errors="0">
  <testcase name="shouldThrowAnErrorIfSignInDetailsAreMissing" time="11.640" classname="SignInTest"/>
</testsuite> <!-- SignInTest -->
