<?xml version="1.0" encoding="UTF-8"?>
<!-- Generated by org.testng.reporters.JUnitReportReporter -->
<testsuite skipped="0" hostname="SumitKS-InteliMac.local" name="FlightBookingTest" tests="1" failures="0" timestamp="15 Nov 2018 04:50:30 GMT" time="23.900" errors="0">
  <testcase name="testThatResultsAppearForAOneWayJourney" time="23.900" classname="FlightBookingTest"/>
</testsuite> <!-- FlightBookingTest -->
