<?xml version="1.0" encoding="UTF-8"?>
<!-- Generated by org.testng.reporters.JUnitReportReporter -->
<testsuite skipped="0" hostname="SumitKS-InteliMac.local" name="testScripts.SignInTestCase" tests="1" failures="0" timestamp="22 Nov 2018 10:04:02 GMT" time="4.847" errors="0">
  <testcase name="testSignInError" time="4.847" classname="testScripts.SignInTestCase"/>
</testsuite> <!-- testScripts.SignInTestCase -->
