<?xml version="1.0" encoding="UTF-8"?>
<!-- Generated by org.testng.reporters.JUnitReportReporter -->
<testsuite skipped="0" hostname="SumitKS-InteliMac.local" name="testScripts.FlightBookingTestCase" tests="1" failures="0" timestamp="22 Nov 2018 10:28:28 GMT" time="9.501" errors="0">
  <testcase name="testSearchFlight" time="9.501" classname="testScripts.FlightBookingTestCase"/>
</testsuite> <!-- testScripts.FlightBookingTestCase -->
